<?xml version="1.0" encoding="UTF-8"?>
<!-- Generated by org.testng.reporters.JUnitReportReporter -->
<testsuite skipped="0" hostname="Mario" name="tests.ViewDashboard" tests="3" failures="0" timestamp="05 Nov 2018 14:12:24 GMT" time="13.040" errors="0">
  <testcase name="i_the_user_is_logged_in" time="2.690" classname="tests.ViewDashboard"/>
  <testcase name="i_go_to_dashboard" time="8.891" classname="tests.ViewDashboard"/>
  <testcase name="i_The_user_shall_view_his_contracts_and_subscribers" time="1.459" classname="tests.ViewDashboard"/>
</testsuite> <!-- tests.ViewDashboard -->
