<?xml version="1.0" encoding="UTF-8"?>
<!-- Generated by org.testng.reporters.JUnitReportReporter -->
<testsuite skipped="0" hostname="Mario" name="runner.TestRunner" tests="1" failures="0" timestamp="05 Nov 2018 12:23:39 GMT" time="13.878" errors="0">
  <testcase name="feature" time="13.878" classname="runner.TestRunner"/>
</testsuite> <!-- runner.TestRunner -->
