<?xml version="1.0" encoding="UTF-8"?>
<!-- Generated by org.testng.reporters.JUnitReportReporter -->
<testsuite skipped="0" hostname="Mario" name="tests.ViewDashboard" tests="3" failures="0" timestamp="04 Nov 2018 12:50:46 GMT" time="16.183" errors="0">
  <testcase name="i_the_user_is_logged_in" time="9.767" classname="tests.ViewDashboard"/>
  <testcase name="i_go_to_dashboard" time="6.361" classname="tests.ViewDashboard"/>
  <testcase name="i_The_user_shall_view_his_contracts_and_subscribers" time="0.055" classname="tests.ViewDashboard"/>
</testsuite> <!-- tests.ViewDashboard -->
