<?xml version="1.0" encoding="UTF-8"?>
<!-- Generated by org.testng.reporters.JUnitReportReporter -->
<testsuite skipped="0" hostname="Mario" name="runner.TestRunner" tests="1" failures="0" timestamp="01 Nov 2018 14:51:05 GMT" time="13.873" errors="0">
  <testcase name="feature" time="13.873" classname="runner.TestRunner"/>
</testsuite> <!-- runner.TestRunner -->
