<?xml version="1.0" encoding="UTF-8"?>
<!-- Generated by org.testng.reporters.JUnitReportReporter -->
<testsuite skipped="0" hostname="Mario" name="runner.TestRunner" tests="1" failures="0" timestamp="08 Nov 2018 16:22:54 GMT" time="15.750" errors="0">
  <testcase name="feature" time="15.750" classname="runner.TestRunner"/>
</testsuite> <!-- runner.TestRunner -->
