<?xml version="1.0" encoding="UTF-8"?>
<!-- Generated by org.testng.reporters.JUnitReportReporter -->
<testsuite skipped="0" hostname="Mario" name="tests.ViewDashboard" tests="3" failures="0" timestamp="01 Nov 2018 16:26:08 GMT" time="18.509" errors="0">
  <testcase name="i_the_user_is_logged_in" time="12.670" classname="tests.ViewDashboard"/>
  <testcase name="i_go_to_dashboard" time="5.739" classname="tests.ViewDashboard"/>
  <testcase name="i_The_user_shall_view_his_contracts_and_subscribers" time="0.100" classname="tests.ViewDashboard"/>
</testsuite> <!-- tests.ViewDashboard -->
